Release 14.7 - xst P.20131013 (nt)
Copyright (c) 1995-2013 Xilinx, Inc.  All rights reserved.
--> Parameter TMPDIR set to xst/projnav.tmp


Total REAL time to Xst completion: 0.00 secs
Total CPU time to Xst completion: 0.08 secs
 
--> Parameter xsthdpdir set to xst


Total REAL time to Xst completion: 0.00 secs
Total CPU time to Xst completion: 0.08 secs
 
--> Reading design: radix_2_butterfly.prj

TABLE OF CONTENTS
  1) Synthesis Options Summary
  2) HDL Compilation
  3) Design Hierarchy Analysis
  4) HDL Analysis
  5) HDL Synthesis
     5.1) HDL Synthesis Report
  6) Advanced HDL Synthesis
     6.1) Advanced HDL Synthesis Report
  7) Low Level Synthesis
  8) Partition Report
  9) Final Report
	9.1) Device utilization summary
	9.2) Partition Resource Summary
	9.3) TIMING REPORT


=========================================================================
*                      Synthesis Options Summary                        *
=========================================================================
---- Source Parameters
Input File Name                    : "radix_2_butterfly.prj"
Input Format                       : mixed
Ignore Synthesis Constraint File   : NO

---- Target Parameters
Output File Name                   : "radix_2_butterfly"
Output Format                      : NGC
Target Device                      : xc5vfx70t-1-ff1136

---- Source Options
Top Module Name                    : radix_2_butterfly
Automatic FSM Extraction           : YES
FSM Encoding Algorithm             : Auto
Safe Implementation                : No
FSM Style                          : LUT
RAM Extraction                     : Yes
RAM Style                          : Auto
ROM Extraction                     : Yes
Mux Style                          : Auto
Decoder Extraction                 : YES
Priority Encoder Extraction        : Yes
Shift Register Extraction          : YES
Logical Shifter Extraction         : YES
XOR Collapsing                     : YES
ROM Style                          : Auto
Mux Extraction                     : Yes
Resource Sharing                   : YES
Asynchronous To Synchronous        : NO
Use DSP Block                      : Auto
Automatic Register Balancing       : No

---- Target Options
LUT Combining                      : Auto
Reduce Control Sets                : Auto
Add IO Buffers                     : YES
Global Maximum Fanout              : 100000
Add Generic Clock Buffer(BUFG)     : 32
Register Duplication               : YES
Slice Packing                      : YES
Optimize Instantiated Primitives   : NO
Use Clock Enable                   : Auto
Use Synchronous Set                : Auto
Use Synchronous Reset              : Auto
Pack IO Registers into IOBs        : Auto
Equivalent register Removal        : YES

---- General Options
Optimization Goal                  : Speed
Optimization Effort                : 1
Power Reduction                    : NO
Keep Hierarchy                     : No
Netlist Hierarchy                  : As_Optimized
RTL Output                         : Yes
Global Optimization                : AllClockNets
Read Cores                         : YES
Write Timing Constraints           : NO
Cross Clock Analysis               : NO
Hierarchy Separator                : /
Bus Delimiter                      : <>
Case Specifier                     : Maintain
Slice Utilization Ratio            : 100
BRAM Utilization Ratio             : 100
DSP48 Utilization Ratio            : 100
Verilog 2001                       : YES
Auto BRAM Packing                  : NO
Slice Utilization Ratio Delta      : 5

=========================================================================


=========================================================================
*                          HDL Compilation                              *
=========================================================================
Compiling vhdl file "C:/Users/Srivatsan/Desktop/4051/Project/fft_pkg.vhd" in Library work.
Architecture fft_pkg of Entity fft_pkg is up to date.
Compiling vhdl file "C:/Users/Srivatsan/Desktop/4051/Project/radix_2_butterfly.vhd" in Library work.
Architecture behavioral of Entity radix_2_butterfly is up to date.

=========================================================================
*                     Design Hierarchy Analysis                         *
=========================================================================
Analyzing hierarchy for entity <radix_2_butterfly> in library <work> (architecture <behavioral>).


=========================================================================
*                            HDL Analysis                               *
=========================================================================
Analyzing Entity <radix_2_butterfly> in library <work> (Architecture <behavioral>).
Entity <radix_2_butterfly> analyzed. Unit <radix_2_butterfly> generated.


=========================================================================
*                           HDL Synthesis                               *
=========================================================================

Performing bidirectional port resolution...

Synthesizing Unit <radix_2_butterfly>.
    Related source file is "C:/Users/Srivatsan/Desktop/4051/Project/radix_2_butterfly.vhd".
    Found 16-bit adder for signal <out1.re>.
    Found 16-bit adder for signal <out1.im>.
    Found 16-bit subtractor for signal <out2.re>.
    Found 16-bit subtractor for signal <out2.im>.
    Summary:
	inferred   4 Adder/Subtractor(s).
Unit <radix_2_butterfly> synthesized.


=========================================================================
HDL Synthesis Report

Macro Statistics
# Adders/Subtractors                                   : 4
 16-bit adder                                          : 2
 16-bit subtractor                                     : 2

=========================================================================

=========================================================================
*                       Advanced HDL Synthesis                          *
=========================================================================


=========================================================================
Advanced HDL Synthesis Report

Macro Statistics
# Adders/Subtractors                                   : 4
 16-bit adder                                          : 2
 16-bit subtractor                                     : 2

=========================================================================

=========================================================================
*                         Low Level Synthesis                           *
=========================================================================

Optimizing unit <radix_2_butterfly> ...

Mapping all equations...
Building and optimizing final netlist ...
Found area constraint ratio of 100 (+ 5) on block radix_2_butterfly, actual ratio is 0.

Final Macro Processing ...

=========================================================================
Final Register Report

Found no macro
=========================================================================

=========================================================================
*                           Partition Report                            *
=========================================================================

Partition Implementation Status
-------------------------------

  No Partitions were found in this design.

-------------------------------

=========================================================================
*                            Final Report                               *
=========================================================================
Final Results
RTL Top Level Output File Name     : radix_2_butterfly.ngr
Top Level Output File Name         : radix_2_butterfly
Output Format                      : NGC
Optimization Goal                  : Speed
Keep Hierarchy                     : No

Design Statistics
# IOs                              : 128

Cell Usage :
# BELS                             : 190
#      GND                         : 1
#      LUT2                        : 64
#      MUXCY                       : 60
#      VCC                         : 1
#      XORCY                       : 64
# IO Buffers                       : 128
#      IBUF                        : 64
#      OBUF                        : 64
=========================================================================

Device utilization summary:
---------------------------

Selected Device : 5vfx70tff1136-1 


Slice Logic Utilization: 
 Number of Slice LUTs:                   64  out of  44800     0%  
    Number used as Logic:                64  out of  44800     0%  

Slice Logic Distribution: 
 Number of LUT Flip Flop pairs used:     64
   Number with an unused Flip Flop:      64  out of     64   100%  
   Number with an unused LUT:             0  out of     64     0%  
   Number of fully used LUT-FF pairs:     0  out of     64     0%  
   Number of unique control sets:         0

IO Utilization: 
 Number of IOs:                         128
 Number of bonded IOBs:                 128  out of    640    20%  

Specific Feature Utilization:

---------------------------
Partition Resource Summary:
---------------------------

  No Partitions were found in this design.

---------------------------


=========================================================================
TIMING REPORT

NOTE: THESE TIMING NUMBERS ARE ONLY A SYNTHESIS ESTIMATE.
      FOR ACCURATE TIMING INFORMATION PLEASE REFER TO THE TRACE REPORT
      GENERATED AFTER PLACE-and-ROUTE.

Clock Information:
------------------
No clock signals found in this design

Asynchronous Control Signals Information:
----------------------------------------
No asynchronous control signals found in this design

Timing Summary:
---------------
Speed Grade: -1

   Minimum period: No path found
   Minimum input arrival time before clock: No path found
   Maximum output required time after clock: No path found
   Maximum combinational path delay: 5.374ns

Timing Detail:
--------------
All values displayed in nanoseconds (ns)

=========================================================================
Timing constraint: Default path analysis
  Total number of paths / destination ports: 1568 / 64
-------------------------------------------------------------------------
Delay:               5.374ns (Levels of Logic = 19)
  Source:            in1_im<0> (PAD)
  Destination:       out1_im<15> (PAD)

  Data Path: in1_im<0> to out1_im<15>
                                Gate     Net
    Cell:in->out      fanout   Delay   Delay  Logical Name (Net Name)
    ----------------------------------------  ------------
     IBUF:I->O             2   0.818   0.581  in1_im_0_IBUF (in1_im_0_IBUF)
     LUT2:I0->O            1   0.094   0.000  Msub_out2.im_lut<0> (Msub_out2.im_lut<0>)
     MUXCY:S->O            1   0.372   0.000  Msub_out2.im_cy<0> (Msub_out2.im_cy<0>)
     MUXCY:CI->O           1   0.026   0.000  Msub_out2.im_cy<1> (Msub_out2.im_cy<1>)
     MUXCY:CI->O           1   0.026   0.000  Msub_out2.im_cy<2> (Msub_out2.im_cy<2>)
     MUXCY:CI->O           1   0.026   0.000  Msub_out2.im_cy<3> (Msub_out2.im_cy<3>)
     MUXCY:CI->O           1   0.026   0.000  Msub_out2.im_cy<4> (Msub_out2.im_cy<4>)
     MUXCY:CI->O           1   0.026   0.000  Msub_out2.im_cy<5> (Msub_out2.im_cy<5>)
     MUXCY:CI->O           1   0.026   0.000  Msub_out2.im_cy<6> (Msub_out2.im_cy<6>)
     MUXCY:CI->O           1   0.026   0.000  Msub_out2.im_cy<7> (Msub_out2.im_cy<7>)
     MUXCY:CI->O           1   0.026   0.000  Msub_out2.im_cy<8> (Msub_out2.im_cy<8>)
     MUXCY:CI->O           1   0.026   0.000  Msub_out2.im_cy<9> (Msub_out2.im_cy<9>)
     MUXCY:CI->O           1   0.026   0.000  Msub_out2.im_cy<10> (Msub_out2.im_cy<10>)
     MUXCY:CI->O           1   0.026   0.000  Msub_out2.im_cy<11> (Msub_out2.im_cy<11>)
     MUXCY:CI->O           1   0.026   0.000  Msub_out2.im_cy<12> (Msub_out2.im_cy<12>)
     MUXCY:CI->O           1   0.026   0.000  Msub_out2.im_cy<13> (Msub_out2.im_cy<13>)
     MUXCY:CI->O           0   0.026   0.000  Msub_out2.im_cy<14> (Msub_out2.im_cy<14>)
     XORCY:CI->O           1   0.357   0.336  Msub_out2.im_xor<15> (out2_im_15_OBUF)
     OBUF:I->O                 2.452          out2_im_15_OBUF (out2_im<15>)
    ----------------------------------------
    Total                      5.374ns (4.457ns logic, 0.917ns route)
                                       (82.9% logic, 17.1% route)

=========================================================================


Total REAL time to Xst completion: 4.00 secs
Total CPU time to Xst completion: 3.44 secs
 
--> 

Total memory usage is 269832 kilobytes

Number of errors   :    0 (   0 filtered)
Number of warnings :    0 (   0 filtered)
Number of infos    :    0 (   0 filtered)

