Command line:
   fft_tb_isim_beh.exe
     -simmode  gui
     -simrunnum  0
     -socket  53602

Sat Oct 22 23:45:02 2016


 Elaboration Time: 0.03125 sec

 Current Memory Usage: 840.917 Meg

 Total Signals          : 202
 Total Nets             : 3330
 Total Signal Drivers   : 85
 Total Blocks           : 30
 Total Primitive Blocks : 20
 Total Processes        : 39
 Total Traceable Variables  : 12
 Total Scalar Nets and Variables : 3837
Total Line Count : 157

 Total Simulation Time: 0.109375 sec

 Current Memory Usage: 683.368 Meg

Sat Oct 22 23:46:42 2016

